<?xml version="1.0" encoding="UTF-8"?>
<!-- Generated by org.testng.reporters.JUnitReportReporter -->
<testsuite hostname="LAPTOP-ME2H4GC5" failures="0" tests="1" name="CUCUMBER.AUTOMATION.AppTest" time="0.006" errors="0" timestamp="2022-09-19T12:09:45 IST" skipped="0">
  <testcase classname="CUCUMBER.AUTOMATION.AppTest" name="shouldAnswerWithTrue" time="0.006"/>
  <system-out/>
</testsuite> <!-- CUCUMBER.AUTOMATION.AppTest -->
