<?xml version="1.0" encoding="UTF-8"?>
<!-- Generated by org.testng.reporters.JUnitReportReporter -->
<testsuite hostname="LAPTOP-ME2H4GC5" failures="0" tests="5" name="cucumberOptions.TestNGRunner" time="191.662" errors="0" timestamp="2022-06-22T20:51:19 IST" skipped="0">
  <testcase classname="cucumberOptions.TestNGRunner" name="runScenario" time="26.250"/>
  <system-out/>
  <testcase classname="cucumberOptions.TestNGRunner" name="runScenario" time="35.509"/>
  <system-out/>
  <testcase classname="cucumberOptions.TestNGRunner" name="runScenario" time="29.629"/>
  <system-out/>
  <testcase classname="cucumberOptions.TestNGRunner" name="runScenario" time="41.488"/>
  <system-out/>
  <testcase classname="cucumberOptions.TestNGRunner" name="runScenario" time="58.786"/>
  <system-out/>
</testsuite> <!-- cucumberOptions.TestNGRunner -->
